{
  "stats": {
    "suites": 1,
    "tests": 1,
    "passes": 1,
    "pending": 0,
    "failures": 0,
    "start": "2024-03-08T06:38:37.113Z",
    "end": "2024-03-08T06:38:55.249Z",
    "duration": 18136,
    "testsRegistered": 1,
    "passPercent": 100,
    "pendingPercent": 0,
    "other": 0,
    "hasOther": false,
    "skipped": 0,
    "hasSkipped": false
  },
  "results": [
    {
      "uuid": "e2157d33-929e-4ce1-82d5-01e722f03fdf",
      "title": "",
      "fullFile": "/Users/kottedheeru/Documents/AltTextApplication_testing/src/testcases/homePage.js",
      "file": "/src/testcases/homePage.js",
      "beforeHooks": [],
      "afterHooks": [],
      "tests": [],
      "suites": [
        {
          "uuid": "412c3da6-6dce-47d7-9f63-606fcb9799d6",
          "title": "tests login to canvas and alt text home page",
          "fullFile": "/Users/kottedheeru/Documents/AltTextApplication_testing/src/testcases/homePage.js",
          "file": "/src/testcases/homePage.js",
          "beforeHooks": [],
          "afterHooks": [],
          "tests": [
            {
              "title": "checks Alt Text home page image and page content",
              "fullTitle": "tests login to canvas and alt text home page checks Alt Text home page image and page content",
              "timedOut": false,
              "duration": 18133,
              "state": "passed",
              "speed": "slow",
              "pass": true,
              "fail": false,
              "pending": false,
              "context": null,
              "code": "let driver = await getWebDriver();\nawait launchBrowserAndLoginToApp(driver);\nvar footer = await action.getElement(driver, altTextHomePageXpaths.context_nav);\nawait action.scrollToElement(driver, footer);\nawait action.switchToIframe(driver, altTextAppXpaths.alt_text_iframe)",
              "err": {},
              "uuid": "d8e89c84-b7cb-4444-a2a4-2bc1d75af452",
              "parentUUID": "412c3da6-6dce-47d7-9f63-606fcb9799d6",
              "isHook": false,
              "skipped": false
            }
          ],
          "suites": [],
          "passes": [
            "d8e89c84-b7cb-4444-a2a4-2bc1d75af452"
          ],
          "failures": [],
          "pending": [],
          "skipped": [],
          "duration": 18133,
          "root": false,
          "rootEmpty": false,
          "_timeout": 0
        }
      ],
      "passes": [],
      "failures": [],
      "pending": [],
      "skipped": [],
      "duration": 0,
      "root": true,
      "rootEmpty": true,
      "_timeout": 0
    }
  ],
  "meta": {
    "mocha": {
      "version": "10.3.0"
    },
    "mochawesome": {
      "options": {
        "quiet": false,
        "reportFilename": "mochawesome",
        "saveHtml": true,
        "saveJson": true,
        "consoleReporter": "spec",
        "useInlineDiffs": false,
        "code": true
      },
      "version": "7.1.3"
    },
    "marge": {
      "options": null,
      "version": "6.2.0"
    }
  }
}